<?xml version="1.0" encoding="UTF-8"?>
<testng-results ignored="0" total="1" passed="0" failed="0" skipped="1">
  <reporter-output>
  </reporter-output>
  <suite started-at="2021-01-23T23:39:33 IST" name="Default suite" finished-at="2021-01-23T23:39:41 IST" duration-ms="7851">
    <groups>
    </groups>
    <test started-at="2021-01-23T23:39:33 IST" name="Default test" finished-at="2021-01-23T23:39:41 IST" duration-ms="7851">
      <class name="autoSysTest.LoginCallByPom">
        <test-method is-config="true" signature="open()[pri:0, instance:autoSysTest.LoginCallByPom@184cf7cf]" started-at="2021-01-23T23:39:33 IST" name="open" finished-at="2021-01-23T23:39:40 IST" duration-ms="7693" status="FAIL">
          <exception class="org.openqa.selenium.SessionNotCreatedException">
            <message>
              <![CDATA[session not created: This version of ChromeDriver only supports Chrome version 83
Build info: version: '3.141.59', revision: 'e82be7d358', time: '2018-11-14T08:25:48'
System info: host: 'SANTOSH-PC', ip: '192.168.43.67', os.name: 'Windows 8', os.arch: 'amd64', os.version: '6.2', java.version: '14.0.1'
Driver info: driver.version: ChromeDriver
remote stacktrace: Backtrace:
Ordinal0 [0x00B89563+2725219]
Ordinal0 [0x00A88551+1672529]
Ordinal0 [0x00970359+525145]
Ordinal0 [0x00900B77+68471]
Ordinal0 [0x008FD32C+54060]
Ordinal0 [0x0091CC37+183351]
Ordinal0 [0x0091CA3D+182845]
Ordinal0 [0x0091A94B+174411]
Ordinal0 [0x00902528+75048]
Ordinal0 [0x009035A0+79264]
Ordinal0 [0x00903539+79161]
Ordinal0 [0x00A9D607+1758727]
GetHandleVerifier [0x00CA6546+1050150]
GetHandleVerifier [0x00CA6291+1049457]
GetHandleVerifier [0x00CB10D7+1094071]
GetHandleVerifier [0x00CA6B46+1051686]
Ordinal0 [0x00A95B06+1727238]
Ordinal0 [0x00A9EB7B+1764219]
Ordinal0 [0x00A9ECE3+1764579]
Ordinal0 [0x00AB4C05+1854469]
BaseThreadInitThunk [0x764A8624+14]
RtlInitializeExceptionChain [0x7733BF39+133]
RtlInitializeExceptionChain [0x7733BF0C+88]
]]>
            </message>
            <full-stacktrace>
              <![CDATA[org.openqa.selenium.SessionNotCreatedException: session not created: This version of ChromeDriver only supports Chrome version 83
Build info: version: '3.141.59', revision: 'e82be7d358', time: '2018-11-14T08:25:48'
System info: host: 'SANTOSH-PC', ip: '192.168.43.67', os.name: 'Windows 8', os.arch: 'amd64', os.version: '6.2', java.version: '14.0.1'
Driver info: driver.version: ChromeDriver
remote stacktrace: Backtrace:
Ordinal0 [0x00B89563+2725219]
Ordinal0 [0x00A88551+1672529]
Ordinal0 [0x00970359+525145]
Ordinal0 [0x00900B77+68471]
Ordinal0 [0x008FD32C+54060]
Ordinal0 [0x0091CC37+183351]
Ordinal0 [0x0091CA3D+182845]
Ordinal0 [0x0091A94B+174411]
Ordinal0 [0x00902528+75048]
Ordinal0 [0x009035A0+79264]
Ordinal0 [0x00903539+79161]
Ordinal0 [0x00A9D607+1758727]
GetHandleVerifier [0x00CA6546+1050150]
GetHandleVerifier [0x00CA6291+1049457]
GetHandleVerifier [0x00CB10D7+1094071]
GetHandleVerifier [0x00CA6B46+1051686]
Ordinal0 [0x00A95B06+1727238]
Ordinal0 [0x00A9EB7B+1764219]
Ordinal0 [0x00A9ECE3+1764579]
Ordinal0 [0x00AB4C05+1854469]
BaseThreadInitThunk [0x764A8624+14]
RtlInitializeExceptionChain [0x7733BF39+133]
RtlInitializeExceptionChain [0x7733BF0C+88]

at java.base/jdk.internal.reflect.NativeConstructorAccessorImpl.newInstance0(Native Method)
at java.base/jdk.internal.reflect.NativeConstructorAccessorImpl.newInstance(NativeConstructorAccessorImpl.java:62)
at java.base/jdk.internal.reflect.DelegatingConstructorAccessorImpl.newInstance(DelegatingConstructorAccessorImpl.java:45)
at java.base/java.lang.reflect.Constructor.newInstanceWithCaller(Constructor.java:500)
at java.base/java.lang.reflect.Constructor.newInstance(Constructor.java:481)
at org.openqa.selenium.remote.W3CHandshakeResponse.lambda$errorHandler$0(W3CHandshakeResponse.java:62)
at org.openqa.selenium.remote.HandshakeResponse.lambda$getResponseFunction$0(HandshakeResponse.java:30)
at org.openqa.selenium.remote.ProtocolHandshake.lambda$createSession$0(ProtocolHandshake.java:126)
at java.base/java.util.stream.ReferencePipeline$3$1.accept(ReferencePipeline.java:195)
at java.base/java.util.Spliterators$ArraySpliterator.tryAdvance(Spliterators.java:958)
at java.base/java.util.stream.ReferencePipeline.forEachWithCancel(ReferencePipeline.java:127)
at java.base/java.util.stream.AbstractPipeline.copyIntoWithCancel(AbstractPipeline.java:502)
at java.base/java.util.stream.AbstractPipeline.copyInto(AbstractPipeline.java:488)
at java.base/java.util.stream.AbstractPipeline.wrapAndCopyInto(AbstractPipeline.java:474)
at java.base/java.util.stream.FindOps$FindOp.evaluateSequential(FindOps.java:150)
at java.base/java.util.stream.AbstractPipeline.evaluate(AbstractPipeline.java:234)
at java.base/java.util.stream.ReferencePipeline.findFirst(ReferencePipeline.java:543)
at org.openqa.selenium.remote.ProtocolHandshake.createSession(ProtocolHandshake.java:128)
at org.openqa.selenium.remote.ProtocolHandshake.createSession(ProtocolHandshake.java:74)
at org.openqa.selenium.remote.HttpCommandExecutor.execute(HttpCommandExecutor.java:136)
at org.openqa.selenium.remote.service.DriverCommandExecutor.execute(DriverCommandExecutor.java:83)
at org.openqa.selenium.remote.RemoteWebDriver.execute(RemoteWebDriver.java:552)
at org.openqa.selenium.remote.RemoteWebDriver.startSession(RemoteWebDriver.java:213)
at org.openqa.selenium.remote.RemoteWebDriver.<init>(RemoteWebDriver.java:131)
at org.openqa.selenium.chrome.ChromeDriver.<init>(ChromeDriver.java:181)
at org.openqa.selenium.chrome.ChromeDriver.<init>(ChromeDriver.java:168)
at org.openqa.selenium.chrome.ChromeDriver.<init>(ChromeDriver.java:123)
at autoSysTest.LoginCallByPom.open(LoginCallByPom.java:16)
at java.base/jdk.internal.reflect.NativeMethodAccessorImpl.invoke0(Native Method)
at java.base/jdk.internal.reflect.NativeMethodAccessorImpl.invoke(NativeMethodAccessorImpl.java:62)
at java.base/jdk.internal.reflect.DelegatingMethodAccessorImpl.invoke(DelegatingMethodAccessorImpl.java:43)
at java.base/java.lang.reflect.Method.invoke(Method.java:564)
at org.testng.internal.MethodInvocationHelper.invokeMethod(MethodInvocationHelper.java:132)
at org.testng.internal.MethodInvocationHelper.invokeMethodConsideringTimeout(MethodInvocationHelper.java:61)
at org.testng.internal.ConfigInvoker.invokeConfigurationMethod(ConfigInvoker.java:366)
at org.testng.internal.ConfigInvoker.invokeConfigurations(ConfigInvoker.java:320)
at org.testng.TestRunner.invokeTestConfigurations(TestRunner.java:617)
at org.testng.TestRunner.beforeRun(TestRunner.java:607)
at org.testng.TestRunner.run(TestRunner.java:578)
at org.testng.SuiteRunner.runTest(SuiteRunner.java:384)
at org.testng.SuiteRunner.runSequentially(SuiteRunner.java:378)
at org.testng.SuiteRunner.privateRun(SuiteRunner.java:337)
at org.testng.SuiteRunner.run(SuiteRunner.java:286)
at org.testng.SuiteRunnerWorker.runSuite(SuiteRunnerWorker.java:53)
at org.testng.SuiteRunnerWorker.run(SuiteRunnerWorker.java:96)
at org.testng.TestNG.runSuitesSequentially(TestNG.java:1218)
at org.testng.TestNG.runSuitesLocally(TestNG.java:1140)
at org.testng.TestNG.runSuites(TestNG.java:1069)
at org.testng.TestNG.run(TestNG.java:1037)
at org.testng.remote.AbstractRemoteTestNG.run(AbstractRemoteTestNG.java:115)
at org.testng.remote.RemoteTestNG.initAndRun(RemoteTestNG.java:251)
at org.testng.remote.RemoteTestNG.main(RemoteTestNG.java:77)
]]>
            </full-stacktrace>
          </exception> <!-- org.openqa.selenium.SessionNotCreatedException -->
          <reporter-output>
          </reporter-output>
        </test-method> <!-- open -->
        <test-method signature="script()[pri:0, instance:autoSysTest.LoginCallByPom@184cf7cf]" started-at="2021-01-23T23:39:41 IST" name="script" finished-at="2021-01-23T23:39:41 IST" duration-ms="0" status="SKIP">
          <exception class="org.openqa.selenium.SessionNotCreatedException">
            <message>
              <![CDATA[session not created: This version of ChromeDriver only supports Chrome version 83
Build info: version: '3.141.59', revision: 'e82be7d358', time: '2018-11-14T08:25:48'
System info: host: 'SANTOSH-PC', ip: '192.168.43.67', os.name: 'Windows 8', os.arch: 'amd64', os.version: '6.2', java.version: '14.0.1'
Driver info: driver.version: ChromeDriver
remote stacktrace: Backtrace:
Ordinal0 [0x00B89563+2725219]
Ordinal0 [0x00A88551+1672529]
Ordinal0 [0x00970359+525145]
Ordinal0 [0x00900B77+68471]
Ordinal0 [0x008FD32C+54060]
Ordinal0 [0x0091CC37+183351]
Ordinal0 [0x0091CA3D+182845]
Ordinal0 [0x0091A94B+174411]
Ordinal0 [0x00902528+75048]
Ordinal0 [0x009035A0+79264]
Ordinal0 [0x00903539+79161]
Ordinal0 [0x00A9D607+1758727]
GetHandleVerifier [0x00CA6546+1050150]
GetHandleVerifier [0x00CA6291+1049457]
GetHandleVerifier [0x00CB10D7+1094071]
GetHandleVerifier [0x00CA6B46+1051686]
Ordinal0 [0x00A95B06+1727238]
Ordinal0 [0x00A9EB7B+1764219]
Ordinal0 [0x00A9ECE3+1764579]
Ordinal0 [0x00AB4C05+1854469]
BaseThreadInitThunk [0x764A8624+14]
RtlInitializeExceptionChain [0x7733BF39+133]
RtlInitializeExceptionChain [0x7733BF0C+88]
]]>
            </message>
            <full-stacktrace>
              <![CDATA[org.openqa.selenium.SessionNotCreatedException: session not created: This version of ChromeDriver only supports Chrome version 83
Build info: version: '3.141.59', revision: 'e82be7d358', time: '2018-11-14T08:25:48'
System info: host: 'SANTOSH-PC', ip: '192.168.43.67', os.name: 'Windows 8', os.arch: 'amd64', os.version: '6.2', java.version: '14.0.1'
Driver info: driver.version: ChromeDriver
remote stacktrace: Backtrace:
Ordinal0 [0x00B89563+2725219]
Ordinal0 [0x00A88551+1672529]
Ordinal0 [0x00970359+525145]
Ordinal0 [0x00900B77+68471]
Ordinal0 [0x008FD32C+54060]
Ordinal0 [0x0091CC37+183351]
Ordinal0 [0x0091CA3D+182845]
Ordinal0 [0x0091A94B+174411]
Ordinal0 [0x00902528+75048]
Ordinal0 [0x009035A0+79264]
Ordinal0 [0x00903539+79161]
Ordinal0 [0x00A9D607+1758727]
GetHandleVerifier [0x00CA6546+1050150]
GetHandleVerifier [0x00CA6291+1049457]
GetHandleVerifier [0x00CB10D7+1094071]
GetHandleVerifier [0x00CA6B46+1051686]
Ordinal0 [0x00A95B06+1727238]
Ordinal0 [0x00A9EB7B+1764219]
Ordinal0 [0x00A9ECE3+1764579]
Ordinal0 [0x00AB4C05+1854469]
BaseThreadInitThunk [0x764A8624+14]
RtlInitializeExceptionChain [0x7733BF39+133]
RtlInitializeExceptionChain [0x7733BF0C+88]

at java.base/jdk.internal.reflect.NativeConstructorAccessorImpl.newInstance0(Native Method)
at java.base/jdk.internal.reflect.NativeConstructorAccessorImpl.newInstance(NativeConstructorAccessorImpl.java:62)
at java.base/jdk.internal.reflect.DelegatingConstructorAccessorImpl.newInstance(DelegatingConstructorAccessorImpl.java:45)
at java.base/java.lang.reflect.Constructor.newInstanceWithCaller(Constructor.java:500)
at java.base/java.lang.reflect.Constructor.newInstance(Constructor.java:481)
at org.openqa.selenium.remote.W3CHandshakeResponse.lambda$errorHandler$0(W3CHandshakeResponse.java:62)
at org.openqa.selenium.remote.HandshakeResponse.lambda$getResponseFunction$0(HandshakeResponse.java:30)
at org.openqa.selenium.remote.ProtocolHandshake.lambda$createSession$0(ProtocolHandshake.java:126)
at java.base/java.util.stream.ReferencePipeline$3$1.accept(ReferencePipeline.java:195)
at java.base/java.util.Spliterators$ArraySpliterator.tryAdvance(Spliterators.java:958)
at java.base/java.util.stream.ReferencePipeline.forEachWithCancel(ReferencePipeline.java:127)
at java.base/java.util.stream.AbstractPipeline.copyIntoWithCancel(AbstractPipeline.java:502)
at java.base/java.util.stream.AbstractPipeline.copyInto(AbstractPipeline.java:488)
at java.base/java.util.stream.AbstractPipeline.wrapAndCopyInto(AbstractPipeline.java:474)
at java.base/java.util.stream.FindOps$FindOp.evaluateSequential(FindOps.java:150)
at java.base/java.util.stream.AbstractPipeline.evaluate(AbstractPipeline.java:234)
at java.base/java.util.stream.ReferencePipeline.findFirst(ReferencePipeline.java:543)
at org.openqa.selenium.remote.ProtocolHandshake.createSession(ProtocolHandshake.java:128)
at org.openqa.selenium.remote.ProtocolHandshake.createSession(ProtocolHandshake.java:74)
at org.openqa.selenium.remote.HttpCommandExecutor.execute(HttpCommandExecutor.java:136)
at org.openqa.selenium.remote.service.DriverCommandExecutor.execute(DriverCommandExecutor.java:83)
at org.openqa.selenium.remote.RemoteWebDriver.execute(RemoteWebDriver.java:552)
at org.openqa.selenium.remote.RemoteWebDriver.startSession(RemoteWebDriver.java:213)
at org.openqa.selenium.remote.RemoteWebDriver.<init>(RemoteWebDriver.java:131)
at org.openqa.selenium.chrome.ChromeDriver.<init>(ChromeDriver.java:181)
at org.openqa.selenium.chrome.ChromeDriver.<init>(ChromeDriver.java:168)
at org.openqa.selenium.chrome.ChromeDriver.<init>(ChromeDriver.java:123)
at autoSysTest.LoginCallByPom.open(LoginCallByPom.java:16)
at java.base/jdk.internal.reflect.NativeMethodAccessorImpl.invoke0(Native Method)
at java.base/jdk.internal.reflect.NativeMethodAccessorImpl.invoke(NativeMethodAccessorImpl.java:62)
at java.base/jdk.internal.reflect.DelegatingMethodAccessorImpl.invoke(DelegatingMethodAccessorImpl.java:43)
at java.base/java.lang.reflect.Method.invoke(Method.java:564)
at org.testng.internal.MethodInvocationHelper.invokeMethod(MethodInvocationHelper.java:132)
at org.testng.internal.MethodInvocationHelper.invokeMethodConsideringTimeout(MethodInvocationHelper.java:61)
at org.testng.internal.ConfigInvoker.invokeConfigurationMethod(ConfigInvoker.java:366)
at org.testng.internal.ConfigInvoker.invokeConfigurations(ConfigInvoker.java:320)
at org.testng.TestRunner.invokeTestConfigurations(TestRunner.java:617)
at org.testng.TestRunner.beforeRun(TestRunner.java:607)
at org.testng.TestRunner.run(TestRunner.java:578)
at org.testng.SuiteRunner.runTest(SuiteRunner.java:384)
at org.testng.SuiteRunner.runSequentially(SuiteRunner.java:378)
at org.testng.SuiteRunner.privateRun(SuiteRunner.java:337)
at org.testng.SuiteRunner.run(SuiteRunner.java:286)
at org.testng.SuiteRunnerWorker.runSuite(SuiteRunnerWorker.java:53)
at org.testng.SuiteRunnerWorker.run(SuiteRunnerWorker.java:96)
at org.testng.TestNG.runSuitesSequentially(TestNG.java:1218)
at org.testng.TestNG.runSuitesLocally(TestNG.java:1140)
at org.testng.TestNG.runSuites(TestNG.java:1069)
at org.testng.TestNG.run(TestNG.java:1037)
at org.testng.remote.AbstractRemoteTestNG.run(AbstractRemoteTestNG.java:115)
at org.testng.remote.RemoteTestNG.initAndRun(RemoteTestNG.java:251)
at org.testng.remote.RemoteTestNG.main(RemoteTestNG.java:77)
]]>
            </full-stacktrace>
          </exception> <!-- org.openqa.selenium.SessionNotCreatedException -->
          <reporter-output>
          </reporter-output>
        </test-method> <!-- script -->
      </class> <!-- autoSysTest.LoginCallByPom -->
    </test> <!-- Default test -->
  </suite> <!-- Default suite -->
</testng-results>
